# JRE version: OpenJDK Runtime Environment Temurin-17.0.11+9 (17.0.11+9) (build 17.0.11+9)
# Java VM: OpenJDK 64-Bit Server VM Temurin-17.0.11+9 (17.0.11+9, mixed mode, tiered, compressed oops, compressed class ptrs, parallel gc, windows-amd64)
GC Precious Log:
 CPUs: 12 total, 12 available
 Memory: 16235M
 Large Page Support: Disabled
 NUMA Support: Disabled
 Compressed Oops: Enabled (32-bit)
 Alignments: Space 512K, Generation 512K, Heap 2M
 Heap Min Capacity: 100M
 Heap Initial Capacity: 100M
 Heap Max Capacity: 1G
 Pre-touch: Disabled
 Parallel Workers: 10
Heap:
 PSYoungGen      total 12800K, used 5772K [0x00000000eab00000, 0x00000000ebc80000, 0x0000000100000000)
  eden space 10752K, 34% used [0x00000000eab00000,0x00000000eaeab250,0x00000000eb580000)
  from space 2048K, 98% used [0x00000000eba80000,0x00000000ebc78020,0x00000000ebc80000)
  to   space 3072K, 0% used [0x00000000eb680000,0x00000000eb680000,0x00000000eb980000)
 ParOldGen       total 119808K, used 96981K [0x00000000c0000000, 0x00000000c7500000, 0x00000000eab00000)
  object space 119808K, 80% used [0x00000000c0000000,0x00000000c5eb5618,0x00000000c7500000)
 Metaspace       used 73376K, committed 74496K, reserved 1179648K
  class space    used 8354K, committed 8832K, reserved 1048576K
GC Heap History (20 events):
Event: 10.163 GC heap before
{Heap before GC invocations=49 (full 4):
 PSYoungGen      total 20992K, used 20797K [0x00000000eab00000, 0x00000000ec300000, 0x0000000100000000)
  eden space 17408K, 100% used [0x00000000eab00000,0x00000000ebc00000,0x00000000ebc00000)
  from space 3584K, 94% used [0x00000000ebc00000,0x00000000ebf4f450,0x00000000ebf80000)
  to   space 3584K, 0% used [0x00000000ebf80000,0x00000000ebf80000,0x00000000ec300000)
 ParOldGen       total 96256K, used 75671K [0x00000000c0000000, 0x00000000c5e00000, 0x00000000eab00000)
  object space 96256K, 78% used [0x00000000c0000000,0x00000000c49e5f38,0x00000000c5e00000)
 Metaspace       used 70914K, committed 72064K, reserved 1114112K
  class space    used 8148K, committed 8640K, reserved 1048576K
}
Event: 10.165 GC heap after
{Heap after GC invocations=49 (full 4):
 PSYoungGen      total 20480K, used 2750K [0x00000000eab00000, 0x00000000ec280000, 0x0000000100000000)
  eden space 17408K, 0% used [0x00000000eab00000,0x00000000eab00000,0x00000000ebc00000)
  from space 3072K, 89% used [0x00000000ebf80000,0x00000000ec22f810,0x00000000ec280000)
  to   space 3072K, 0% used [0x00000000ebc80000,0x00000000ebc80000,0x00000000ebf80000)
 ParOldGen       total 96256K, used 78839K [0x00000000c0000000, 0x00000000c5e00000, 0x00000000eab00000)
  object space 96256K, 81% used [0x00000000c0000000,0x00000000c4cfde70,0x00000000c5e00000)
 Metaspace       used 70914K, committed 72064K, reserved 1114112K
  class space    used 8148K, committed 8640K, reserved 1048576K
}
Event: 10.255 GC heap before
{Heap before GC invocations=50 (full 4):
 PSYoungGen      total 20480K, used 20158K [0x00000000eab00000, 0x00000000ec280000, 0x0000000100000000)
  eden space 17408K, 100% used [0x00000000eab00000,0x00000000ebc00000,0x00000000ebc00000)
  from space 3072K, 89% used [0x00000000ebf80000,0x00000000ec22f810,0x00000000ec280000)
  to   space 3072K, 0% used [0x00000000ebc80000,0x00000000ebc80000,0x00000000ebf80000)
 ParOldGen       total 96256K, used 78839K [0x00000000c0000000, 0x00000000c5e00000, 0x00000000eab00000)
  object space 96256K, 81% used [0x00000000c0000000,0x00000000c4cfde70,0x00000000c5e00000)
 Metaspace       used 71049K, committed 72192K, reserved 1114112K
  class space    used 8173K, committed 8640K, reserved 1048576K
}
Event: 10.256 GC heap after
{Heap after GC invocations=50 (full 4):
 PSYoungGen      total 20480K, used 2922K [0x00000000eab00000, 0x00000000ec200000, 0x0000000100000000)
  eden space 17408K, 0% used [0x00000000eab00000,0x00000000eab00000,0x00000000ebc00000)
  from space 3072K, 95% used [0x00000000ebc80000,0x00000000ebf5ab20,0x00000000ebf80000)
  to   space 2560K, 0% used [0x00000000ebf80000,0x00000000ebf80000,0x00000000ec200000)
 ParOldGen       total 96256K, used 81361K [0x00000000c0000000, 0x00000000c5e00000, 0x00000000eab00000)
  object space 96256K, 84% used [0x00000000c0000000,0x00000000c4f745a0,0x00000000c5e00000)
 Metaspace       used 71049K, committed 72192K, reserved 1114112K
  class space    used 8173K, committed 8640K, reserved 1048576K
}
Event: 10.364 GC heap before
{Heap before GC invocations=51 (full 4):
 PSYoungGen      total 20480K, used 20330K [0x00000000eab00000, 0x00000000ec200000, 0x0000000100000000)
  eden space 17408K, 100% used [0x00000000eab00000,0x00000000ebc00000,0x00000000ebc00000)
  from space 3072K, 95% used [0x00000000ebc80000,0x00000000ebf5ab20,0x00000000ebf80000)
  to   space 2560K, 0% used [0x00000000ebf80000,0x00000000ebf80000,0x00000000ec200000)
 ParOldGen       total 96256K, used 81361K [0x00000000c0000000, 0x00000000c5e00000, 0x00000000eab00000)
  object space 96256K, 84% used [0x00000000c0000000,0x00000000c4f745a0,0x00000000c5e00000)
 Metaspace       used 71344K, committed 72448K, reserved 1114112K
  class space    used 8192K, committed 8640K, reserved 1048576K
}
Event: 10.366 GC heap after
{Heap after GC invocations=51 (full 4):
 PSYoungGen      total 16384K, used 2544K [0x00000000eab00000, 0x00000000eca00000, 0x0000000100000000)
  eden space 13824K, 0% used [0x00000000eab00000,0x00000000eab00000,0x00000000eb880000)
  from space 2560K, 99% used [0x00000000ebf80000,0x00000000ec1fc2b0,0x00000000ec200000)
  to   space 7168K, 0% used [0x00000000eb880000,0x00000000eb880000,0x00000000ebf80000)
 ParOldGen       total 96256K, used 85152K [0x00000000c0000000, 0x00000000c5e00000, 0x00000000eab00000)
  object space 96256K, 88% used [0x00000000c0000000,0x00000000c5328248,0x00000000c5e00000)
 Metaspace       used 71344K, committed 72448K, reserved 1114112K
  class space    used 8192K, committed 8640K, reserved 1048576K
}
Event: 10.429 GC heap before
{Heap before GC invocations=52 (full 4):
 PSYoungGen      total 16384K, used 16368K [0x00000000eab00000, 0x00000000eca00000, 0x0000000100000000)
  eden space 13824K, 100% used [0x00000000eab00000,0x00000000eb880000,0x00000000eb880000)
  from space 2560K, 99% used [0x00000000ebf80000,0x00000000ec1fc2b0,0x00000000ec200000)
  to   space 7168K, 0% used [0x00000000eb880000,0x00000000eb880000,0x00000000ebf80000)
 ParOldGen       total 96256K, used 85152K [0x00000000c0000000, 0x00000000c5e00000, 0x00000000eab00000)
  object space 96256K, 88% used [0x00000000c0000000,0x00000000c5328248,0x00000000c5e00000)
 Metaspace       used 71447K, committed 72576K, reserved 1114112K
  class space    used 8212K, committed 8704K, reserved 1048576K
}
Event: 10.432 GC heap after
{Heap after GC invocations=52 (full 4):
 PSYoungGen      total 16896K, used 2691K [0x00000000eab00000, 0x00000000ec080000, 0x0000000100000000)
  eden space 13824K, 0% used [0x00000000eab00000,0x00000000eab00000,0x00000000eb880000)
  from space 3072K, 87% used [0x00000000eb880000,0x00000000ebb20e50,0x00000000ebb80000)
  to   space 4096K, 0% used [0x00000000ebc80000,0x00000000ebc80000,0x00000000ec080000)
 ParOldGen       total 96256K, used 87650K [0x00000000c0000000, 0x00000000c5e00000, 0x00000000eab00000)
  object space 96256K, 91% used [0x00000000c0000000,0x00000000c5598938,0x00000000c5e00000)
 Metaspace       used 71447K, committed 72576K, reserved 1114112K
  class space    used 8212K, committed 8704K, reserved 1048576K
}
Event: 10.485 GC heap before
{Heap before GC invocations=53 (full 4):
 PSYoungGen      total 16896K, used 16515K [0x00000000eab00000, 0x00000000ec080000, 0x0000000100000000)
  eden space 13824K, 100% used [0x00000000eab00000,0x00000000eb880000,0x00000000eb880000)
  from space 3072K, 87% used [0x00000000eb880000,0x00000000ebb20e50,0x00000000ebb80000)
  to   space 4096K, 0% used [0x00000000ebc80000,0x00000000ebc80000,0x00000000ec080000)
 ParOldGen       total 96256K, used 87650K [0x00000000c0000000, 0x00000000c5e00000, 0x00000000eab00000)
  object space 96256K, 91% used [0x00000000c0000000,0x00000000c5598938,0x00000000c5e00000)
 Metaspace       used 71636K, committed 72768K, reserved 1114112K
  class space    used 8230K, committed 8704K, reserved 1048576K
}
Event: 10.487 GC heap after
{Heap after GC invocations=53 (full 4):
 PSYoungGen      total 16896K, used 2572K [0x00000000eab00000, 0x00000000ebf80000, 0x0000000100000000)
  eden space 13824K, 0% used [0x00000000eab00000,0x00000000eab00000,0x00000000eb880000)
  from space 3072K, 83% used [0x00000000ebc80000,0x00000000ebf03390,0x00000000ebf80000)
  to   space 3072K, 0% used [0x00000000eb880000,0x00000000eb880000,0x00000000ebb80000)
 ParOldGen       total 96256K, used 90111K [0x00000000c0000000, 0x00000000c5e00000, 0x00000000eab00000)
  object space 96256K, 93% used [0x00000000c0000000,0x00000000c57fff70,0x00000000c5e00000)
 Metaspace       used 71636K, committed 72768K, reserved 1114112K
  class space    used 8230K, committed 8704K, reserved 1048576K
}
Event: 10.545 GC heap before
{Heap before GC invocations=54 (full 4):
 PSYoungGen      total 16896K, used 16396K [0x00000000eab00000, 0x00000000ebf80000, 0x0000000100000000)
  eden space 13824K, 100% used [0x00000000eab00000,0x00000000eb880000,0x00000000eb880000)
  from space 3072K, 83% used [0x00000000ebc80000,0x00000000ebf03390,0x00000000ebf80000)
  to   space 3072K, 0% used [0x00000000eb880000,0x00000000eb880000,0x00000000ebb80000)
 ParOldGen       total 96256K, used 90111K [0x00000000c0000000, 0x00000000c5e00000, 0x00000000eab00000)
  object space 96256K, 93% used [0x00000000c0000000,0x00000000c57fff70,0x00000000c5e00000)
 Metaspace       used 71776K, committed 72896K, reserved 1114112K
  class space    used 8249K, committed 8704K, reserved 1048576K
}
Event: 10.546 GC heap after
{Heap after GC invocations=54 (full 4):
 PSYoungGen      total 16896K, used 2701K [0x00000000eab00000, 0x00000000ebe80000, 0x0000000100000000)
  eden space 13824K, 0% used [0x00000000eab00000,0x00000000eab00000,0x00000000eb880000)
  from space 3072K, 87% used [0x00000000eb880000,0x00000000ebb235d8,0x00000000ebb80000)
  to   space 3072K, 0% used [0x00000000ebb80000,0x00000000ebb80000,0x00000000ebe80000)
 ParOldGen       total 96256K, used 92500K [0x00000000c0000000, 0x00000000c5e00000, 0x00000000eab00000)
  object space 96256K, 96% used [0x00000000c0000000,0x00000000c5a55028,0x00000000c5e00000)
 Metaspace       used 71776K, committed 72896K, reserved 1114112K
  class space    used 8249K, committed 8704K, reserved 1048576K
}
Event: 10.598 GC heap before
{Heap before GC invocations=55 (full 4):
 PSYoungGen      total 16896K, used 16525K [0x00000000eab00000, 0x00000000ebe80000, 0x0000000100000000)
  eden space 13824K, 100% used [0x00000000eab00000,0x00000000eb880000,0x00000000eb880000)
  from space 3072K, 87% used [0x00000000eb880000,0x00000000ebb235d8,0x00000000ebb80000)
  to   space 3072K, 0% used [0x00000000ebb80000,0x00000000ebb80000,0x00000000ebe80000)
 ParOldGen       total 96256K, used 92500K [0x00000000c0000000, 0x00000000c5e00000, 0x00000000eab00000)
  object space 96256K, 96% used [0x00000000c0000000,0x00000000c5a55028,0x00000000c5e00000)
 Metaspace       used 72078K, committed 73152K, reserved 1114112K
  class space    used 8260K, committed 8704K, reserved 1048576K
}
Event: 10.600 GC heap after
{Heap after GC invocations=55 (full 4):
 PSYoungGen      total 13824K, used 3043K [0x00000000eab00000, 0x00000000ec480000, 0x0000000100000000)
  eden space 10752K, 0% used [0x00000000eab00000,0x00000000eab00000,0x00000000eb580000)
  from space 3072K, 99% used [0x00000000ebb80000,0x00000000ebe78d50,0x00000000ebe80000)
  to   space 6144K, 0% used [0x00000000eb580000,0x00000000eb580000,0x00000000ebb80000)
 ParOldGen       total 96256K, used 95087K [0x00000000c0000000, 0x00000000c5e00000, 0x00000000eab00000)
  object space 96256K, 98% used [0x00000000c0000000,0x00000000c5cdbe80,0x00000000c5e00000)
 Metaspace       used 72078K, committed 73152K, reserved 1114112K
  class space    used 8260K, committed 8704K, reserved 1048576K
}
Event: 10.600 GC heap before
{Heap before GC invocations=56 (full 5):
 PSYoungGen      total 13824K, used 3043K [0x00000000eab00000, 0x00000000ec480000, 0x0000000100000000)
  eden space 10752K, 0% used [0x00000000eab00000,0x00000000eab00000,0x00000000eb580000)
  from space 3072K, 99% used [0x00000000ebb80000,0x00000000ebe78d50,0x00000000ebe80000)
  to   space 6144K, 0% used [0x00000000eb580000,0x00000000eb580000,0x00000000ebb80000)
 ParOldGen       total 96256K, used 95087K [0x00000000c0000000, 0x00000000c5e00000, 0x00000000eab00000)
  object space 96256K, 98% used [0x00000000c0000000,0x00000000c5cdbe80,0x00000000c5e00000)
 Metaspace       used 72078K, committed 73152K, reserved 1114112K
  class space    used 8260K, committed 8704K, reserved 1048576K
}
Event: 10.650 GC heap after
{Heap after GC invocations=56 (full 5):
 PSYoungGen      total 16896K, used 0K [0x00000000eab00000, 0x00000000ec180000, 0x0000000100000000)
  eden space 10752K, 0% used [0x00000000eab00000,0x00000000eab00000,0x00000000eb580000)
  from space 6144K, 0% used [0x00000000eb580000,0x00000000eb580000,0x00000000ebb80000)
  to   space 6144K, 0% used [0x00000000ebb80000,0x00000000ebb80000,0x00000000ec180000)
 ParOldGen       total 119808K, used 92591K [0x00000000c0000000, 0x00000000c7500000, 0x00000000eab00000)
  object space 119808K, 77% used [0x00000000c0000000,0x00000000c5a6bc58,0x00000000c7500000)
 Metaspace       used 72078K, committed 73152K, reserved 1114112K
  class space    used 8260K, committed 8704K, reserved 1048576K
}
Event: 10.697 GC heap before
{Heap before GC invocations=57 (full 5):
 PSYoungGen      total 16896K, used 10752K [0x00000000eab00000, 0x00000000ec180000, 0x0000000100000000)
  eden space 10752K, 100% used [0x00000000eab00000,0x00000000eb580000,0x00000000eb580000)
  from space 6144K, 0% used [0x00000000eb580000,0x00000000eb580000,0x00000000ebb80000)
  to   space 6144K, 0% used [0x00000000ebb80000,0x00000000ebb80000,0x00000000ec180000)
 ParOldGen       total 119808K, used 92591K [0x00000000c0000000, 0x00000000c7500000, 0x00000000eab00000)
  object space 119808K, 77% used [0x00000000c0000000,0x00000000c5a6bc58,0x00000000c7500000)
 Metaspace       used 72425K, committed 73600K, reserved 1179648K
  class space    used 8299K, committed 8768K, reserved 1048576K
}
Event: 10.699 GC heap after
{Heap after GC invocations=57 (full 5):
 PSYoungGen      total 13312K, used 2399K [0x00000000eab00000, 0x00000000ebe00000, 0x0000000100000000)
  eden space 10752K, 0% used [0x00000000eab00000,0x00000000eab00000,0x00000000eb580000)
  from space 2560K, 93% used [0x00000000ebb80000,0x00000000ebdd7f20,0x00000000ebe00000)
  to   space 3584K, 0% used [0x00000000eb700000,0x00000000eb700000,0x00000000eba80000)
 ParOldGen       total 119808K, used 92599K [0x00000000c0000000, 0x00000000c7500000, 0x00000000eab00000)
  object space 119808K, 77% used [0x00000000c0000000,0x00000000c5a6dc58,0x00000000c7500000)
 Metaspace       used 72425K, committed 73600K, reserved 1179648K
  class space    used 8299K, committed 8768K, reserved 1048576K
}
Event: 10.770 GC heap before
{Heap before GC invocations=58 (full 5):
 PSYoungGen      total 13312K, used 13151K [0x00000000eab00000, 0x00000000ebe00000, 0x0000000100000000)
  eden space 10752K, 100% used [0x00000000eab00000,0x00000000eb580000,0x00000000eb580000)
  from space 2560K, 93% used [0x00000000ebb80000,0x00000000ebdd7f20,0x00000000ebe00000)
  to   space 3584K, 0% used [0x00000000eb700000,0x00000000eb700000,0x00000000eba80000)
 ParOldGen       total 119808K, used 92599K [0x00000000c0000000, 0x00000000c7500000, 0x00000000eab00000)
  object space 119808K, 77% used [0x00000000c0000000,0x00000000c5a6dc58,0x00000000c7500000)
 Metaspace       used 72939K, committed 74048K, reserved 1179648K
  class space    used 8311K, committed 8768K, reserved 1048576K
}
Event: 10.773 GC heap after
{Heap after GC invocations=58 (full 5):
 PSYoungGen      total 14336K, used 3553K [0x00000000eab00000, 0x00000000ebf80000, 0x0000000100000000)
  eden space 10752K, 0% used [0x00000000eab00000,0x00000000eab00000,0x00000000eb580000)
  from space 3584K, 99% used [0x00000000eb700000,0x00000000eba78578,0x00000000eba80000)
  to   space 5120K, 0% used [0x00000000eba80000,0x00000000eba80000,0x00000000ebf80000)
 ParOldGen       total 119808K, used 93463K [0x00000000c0000000, 0x00000000c7500000, 0x00000000eab00000)
  object space 119808K, 78% used [0x00000000c0000000,0x00000000c5b45c58,0x00000000c7500000)
 Metaspace       used 72939K, committed 74048K, reserved 1179648K
  class space    used 8311K, committed 8768K, reserved 1048576K
}

