# JRE version: OpenJDK Runtime Environment (17.0.9) (build 17.0.9+0--11185874)
# Java VM: OpenJDK 64-Bit Server VM (17.0.9+0--11185874, mixed mode, tiered, compressed oops, compressed class ptrs, g1 gc, windows-amd64)
GC Precious Log:
 CPUs: 12 total, 12 available
 Memory: 16235M
 Large Page Support: Disabled
 NUMA Support: Disabled
 Compressed Oops: Enabled (Zero based)
 Heap Region Size: 2M
 Heap Min Capacity: 8M
 Heap Initial Capacity: 254M
 Heap Max Capacity: 4G
 Pre-touch: Disabled
 Parallel Workers: 10
 Concurrent Workers: 3
 Concurrent Refinement Workers: 10
 Periodic GC: Disabled
Heap:
 garbage-first heap   total 323584K, used 234232K [0x0000000700000000, 0x0000000800000000)
  region size 2048K, 42 young (86016K), 6 survivors (12288K)
 Metaspace       used 106564K, committed 108096K, reserved 1179648K
  class space    used 14731K, committed 15360K, reserved 1048576K
GC Heap History (20 events):
Event: 15.731 GC heap before
{Heap before GC invocations=42 (full 0):
 garbage-first heap   total 157696K, used 123018K [0x0000000700000000, 0x0000000800000000)
  region size 2048K, 24 young (49152K), 3 survivors (6144K)
 Metaspace       used 90802K, committed 91648K, reserved 1179648K
  class space    used 12485K, committed 12864K, reserved 1048576K
}
Event: 15.735 GC heap after
{Heap after GC invocations=43 (full 0):
 garbage-first heap   total 157696K, used 82650K [0x0000000700000000, 0x0000000800000000)
  region size 2048K, 2 young (4096K), 2 survivors (4096K)
 Metaspace       used 90802K, committed 91648K, reserved 1179648K
  class space    used 12485K, committed 12864K, reserved 1048576K
}
Event: 16.131 GC heap before
{Heap before GC invocations=44 (full 0):
 garbage-first heap   total 157696K, used 123610K [0x0000000700000000, 0x0000000800000000)
  region size 2048K, 22 young (45056K), 2 survivors (4096K)
 Metaspace       used 92522K, committed 93312K, reserved 1179648K
  class space    used 12729K, committed 13120K, reserved 1048576K
}
Event: 16.134 GC heap after
{Heap after GC invocations=45 (full 0):
 garbage-first heap   total 157696K, used 87191K [0x0000000700000000, 0x0000000800000000)
  region size 2048K, 3 young (6144K), 3 survivors (6144K)
 Metaspace       used 92522K, committed 93312K, reserved 1179648K
  class space    used 12729K, committed 13120K, reserved 1048576K
}
Event: 16.150 GC heap before
{Heap before GC invocations=45 (full 0):
 garbage-first heap   total 157696K, used 89239K [0x0000000700000000, 0x0000000800000000)
  region size 2048K, 4 young (8192K), 3 survivors (6144K)
 Metaspace       used 92568K, committed 93376K, reserved 1179648K
  class space    used 12737K, committed 13120K, reserved 1048576K
}
Event: 16.154 GC heap after
{Heap after GC invocations=46 (full 0):
 garbage-first heap   total 157696K, used 88295K [0x0000000700000000, 0x0000000800000000)
  region size 2048K, 1 young (2048K), 1 survivors (2048K)
 Metaspace       used 92568K, committed 93376K, reserved 1179648K
  class space    used 12737K, committed 13120K, reserved 1048576K
}
Event: 16.513 GC heap before
{Heap before GC invocations=46 (full 0):
 garbage-first heap   total 157696K, used 123111K [0x0000000700000000, 0x0000000800000000)
  region size 2048K, 19 young (38912K), 1 survivors (2048K)
 Metaspace       used 93994K, committed 94848K, reserved 1179648K
  class space    used 12925K, committed 13312K, reserved 1048576K
}
Event: 16.516 GC heap after
{Heap after GC invocations=47 (full 0):
 garbage-first heap   total 157696K, used 92998K [0x0000000700000000, 0x0000000800000000)
  region size 2048K, 3 young (6144K), 3 survivors (6144K)
 Metaspace       used 93994K, committed 94848K, reserved 1179648K
  class space    used 12925K, committed 13312K, reserved 1048576K
}
Event: 16.846 GC heap before
{Heap before GC invocations=48 (full 0):
 garbage-first heap   total 172032K, used 125766K [0x0000000700000000, 0x0000000800000000)
  region size 2048K, 19 young (38912K), 3 survivors (6144K)
 Metaspace       used 95191K, committed 96000K, reserved 1179648K
  class space    used 13138K, committed 13504K, reserved 1048576K
}
Event: 16.850 GC heap after
{Heap after GC invocations=49 (full 0):
 garbage-first heap   total 172032K, used 99617K [0x0000000700000000, 0x0000000800000000)
  region size 2048K, 3 young (6144K), 3 survivors (6144K)
 Metaspace       used 95191K, committed 96000K, reserved 1179648K
  class space    used 13138K, committed 13504K, reserved 1048576K
}
Event: 16.873 GC heap before
{Heap before GC invocations=49 (full 0):
 garbage-first heap   total 172032K, used 101665K [0x0000000700000000, 0x0000000800000000)
  region size 2048K, 4 young (8192K), 3 survivors (6144K)
 Metaspace       used 95222K, committed 96064K, reserved 1179648K
  class space    used 13140K, committed 13504K, reserved 1048576K
}
Event: 16.875 GC heap after
{Heap after GC invocations=50 (full 0):
 garbage-first heap   total 172032K, used 100265K [0x0000000700000000, 0x0000000800000000)
  region size 2048K, 1 young (2048K), 1 survivors (2048K)
 Metaspace       used 95222K, committed 96064K, reserved 1179648K
  class space    used 13140K, committed 13504K, reserved 1048576K
}
Event: 17.201 GC heap before
{Heap before GC invocations=50 (full 0):
 garbage-first heap   total 172032K, used 130985K [0x0000000700000000, 0x0000000800000000)
  region size 2048K, 17 young (34816K), 1 survivors (2048K)
 Metaspace       used 95795K, committed 96704K, reserved 1179648K
  class space    used 13199K, committed 13632K, reserved 1048576K
}
Event: 17.205 GC heap after
{Heap after GC invocations=51 (full 0):
 garbage-first heap   total 323584K, used 104193K [0x0000000700000000, 0x0000000800000000)
  region size 2048K, 3 young (6144K), 3 survivors (6144K)
 Metaspace       used 95795K, committed 96704K, reserved 1179648K
  class space    used 13199K, committed 13632K, reserved 1048576K
}
Event: 18.209 GC heap before
{Heap before GC invocations=52 (full 0):
 garbage-first heap   total 323584K, used 220929K [0x0000000700000000, 0x0000000800000000)
  region size 2048K, 60 young (122880K), 3 survivors (6144K)
 Metaspace       used 97560K, committed 98816K, reserved 1179648K
  class space    used 13446K, committed 13952K, reserved 1048576K
}
Event: 18.219 GC heap after
{Heap after GC invocations=53 (full 0):
 garbage-first heap   total 323584K, used 126526K [0x0000000700000000, 0x0000000800000000)
  region size 2048K, 8 young (16384K), 8 survivors (16384K)
 Metaspace       used 97560K, committed 98816K, reserved 1179648K
  class space    used 13446K, committed 13952K, reserved 1048576K
}
Event: 18.842 GC heap before
{Heap before GC invocations=53 (full 0):
 garbage-first heap   total 323584K, used 220734K [0x0000000700000000, 0x0000000800000000)
  region size 2048K, 54 young (110592K), 8 survivors (16384K)
 Metaspace       used 98377K, committed 99776K, reserved 1179648K
  class space    used 13565K, committed 14144K, reserved 1048576K
}
Event: 18.855 GC heap after
{Heap after GC invocations=54 (full 0):
 garbage-first heap   total 323584K, used 147798K [0x0000000700000000, 0x0000000800000000)
  region size 2048K, 7 young (14336K), 7 survivors (14336K)
 Metaspace       used 98377K, committed 99776K, reserved 1179648K
  class space    used 13565K, committed 14144K, reserved 1048576K
}
Event: 19.684 GC heap before
{Heap before GC invocations=54 (full 0):
 garbage-first heap   total 323584K, used 231766K [0x0000000700000000, 0x0000000800000000)
  region size 2048K, 48 young (98304K), 7 survivors (14336K)
 Metaspace       used 105034K, committed 106432K, reserved 1179648K
  class space    used 14515K, committed 15104K, reserved 1048576K
}
Event: 19.696 GC heap after
{Heap after GC invocations=55 (full 0):
 garbage-first heap   total 323584K, used 162552K [0x0000000700000000, 0x0000000800000000)
  region size 2048K, 6 young (12288K), 6 survivors (12288K)
 Metaspace       used 105034K, committed 106432K, reserved 1179648K
  class space    used 14515K, committed 15104K, reserved 1048576K
}

